<?xml version="1.0" encoding="UTF-8"?>
<!-- Generated by org.testng.reporters.JUnitXMLReporter -->
<testsuite ignored="0" hostname="Pavitra" failures="0" tests="3" name="Test2" time="0.024" errors="0" timestamp="2024-08-06T12:20:11 IST">
  <testcase classname="Day43_testng.Testng_BeforeTest_AfterTest" name="abc" time="0.002"/>
  <testcase classname="Day43_testng.BeforeTest_AfterTest_demo_Part2" name="xyz" time="0.002"/>
  <testcase classname="Day43_testng.BeforeSuite_AfterSuite" name="abc" time="0.01"/>
</testsuite> <!-- Test2 -->
